TN:
SF:src\App.tsx
FN:15,(anonymous_1)
FNF:1
FNH:1
FNDA:6,(anonymous_1)
DA:1,1
DA:2,1
DA:3,1
DA:4,1
DA:5,1
DA:6,1
DA:7,1
DA:8,1
DA:9,1
DA:10,1
DA:11,1
DA:13,1
DA:15,1
DA:16,6
DA:35,1
LF:15
LH:15
BRF:0
BRH:0
end_of_record
TN:
SF:src\components\EmptyState.tsx
FN:14,EmptyState
FN:21,(anonymous_2)
FNF:2
FNH:2
FNDA:27,EmptyState
FNDA:27,(anonymous_2)
DA:1,3
DA:2,3
DA:3,3
DA:4,3
DA:14,3
DA:21,27
DA:22,27
DA:24,17
DA:26,9
DA:28,1
DA:32,27
LF:11
LH:11
BRDA:22,0,0,17
BRDA:22,0,1,9
BRDA:22,0,2,1
BRDA:43,1,0,27
BRDA:43,1,1,22
BRDA:43,1,2,22
BRF:6
BRH:6
end_of_record
TN:
SF:src\components\ErrorMessage.tsx
FN:12,ErrorMessage
FNF:1
FNH:1
FNDA:20,ErrorMessage
DA:1,6
DA:2,6
DA:3,6
DA:4,6
DA:12,6
DA:13,20
LF:6
LH:6
BRDA:12,0,0,9
BRDA:18,1,0,20
BRDA:18,1,1,14
BRF:3
BRH:3
end_of_record
TN:
SF:src\components\Header.tsx
FN:8,Header
FN:16,(anonymous_10)
FN:17,(anonymous_11)
FN:21,(anonymous_12)
FN:24,(anonymous_13)
FN:80,(anonymous_14)
FN:83,(anonymous_15)
FN:100,(anonymous_16)
FN:116,(anonymous_17)
FNF:9
FNH:9
FNDA:48,Header
FNDA:27,(anonymous_10)
FNDA:1,(anonymous_11)
FNDA:27,(anonymous_12)
FNDA:8,(anonymous_13)
FNDA:3,(anonymous_14)
FNDA:1,(anonymous_15)
FNDA:5,(anonymous_16)
FNDA:6,(anonymous_17)
DA:1,2
DA:2,2
DA:3,2
DA:4,2
DA:5,2
DA:6,2
DA:8,2
DA:9,48
DA:10,48
DA:11,48
DA:12,48
DA:13,48
DA:14,48
DA:16,48
DA:17,27
DA:18,1
DA:20,27
DA:21,27
DA:24,48
DA:25,8
DA:26,8
DA:27,5
DA:28,5
DA:29,5
DA:33,48
DA:80,3
DA:83,1
DA:100,5
DA:116,6
LF:29
LH:29
BRDA:12,0,0,48
BRDA:12,0,1,46
BRDA:26,1,0,5
BRDA:26,1,1,3
BRDA:36,2,0,1
BRDA:36,2,1,47
BRDA:60,3,0,48
BRDA:60,3,1,0
BRDA:71,4,0,8
BRDA:71,4,1,40
BRDA:83,5,0,1
BRDA:83,5,1,1
BRDA:150,6,0,48
BRDA:150,6,1,0
BRF:14
BRH:12
end_of_record
TN:
SF:src\components\Layout.tsx
FN:9,Layout
FNF:1
FNH:1
FNDA:10,Layout
DA:1,1
DA:2,1
DA:3,1
DA:9,1
DA:10,10
LF:5
LH:5
BRF:0
BRH:0
end_of_record
TN:
SF:src\components\LoadingSpinner.tsx
FN:8,LoadingSpinner
FN:22,LoadingGrid
FN:25,(anonymous_3)
FN:32,LoadingSection
FNF:4
FNH:4
FNDA:30,LoadingSpinner
FNDA:22,LoadingGrid
FNDA:264,(anonymous_3)
FNDA:2,LoadingSection
DA:1,6
DA:8,6
DA:9,30
DA:15,30
DA:22,6
DA:23,22
DA:26,264
DA:32,6
DA:33,2
LF:9
LH:9
BRDA:8,0,0,2
BRDA:8,1,0,28
BRF:2
BRH:2
end_of_record
TN:
SF:src\components\MovieCard.tsx
FN:16,MovieCard
FN:24,(anonymous_2)
FN:35,(anonymous_3)
FN:41,(anonymous_4)
FN:47,(anonymous_5)
FN:127,(anonymous_6)
FN:138,(anonymous_7)
FNF:7
FNH:5
FNDA:48,MovieCard
FNDA:1,(anonymous_2)
FNDA:1,(anonymous_3)
FNDA:48,(anonymous_4)
FNDA:10,(anonymous_5)
FNDA:0,(anonymous_6)
FNDA:0,(anonymous_7)
DA:1,6
DA:2,6
DA:3,6
DA:5,6
DA:6,6
DA:7,6
DA:16,6
DA:21,48
DA:22,48
DA:24,48
DA:25,1
DA:26,1
DA:28,1
DA:29,0
DA:31,1
DA:35,48
DA:36,1
DA:37,1
DA:38,1
DA:41,48
DA:42,48
DA:44,4
DA:45,4
DA:47,4
DA:48,10
DA:58,48
DA:128,0
DA:129,0
DA:139,0
DA:140,0
LF:30
LH:25
BRDA:18,0,0,42
BRDA:28,1,0,0
BRDA:28,1,1,1
BRDA:42,2,0,44
BRDA:42,2,1,4
BRDA:48,3,0,3
BRDA:48,3,1,7
BRDA:72,4,0,6
BRDA:72,4,1,42
BRDA:85,5,0,1
BRDA:85,5,1,41
BRDA:91,6,0,1
BRDA:91,6,1,41
BRDA:96,7,0,1
BRDA:96,7,1,41
BRDA:108,8,0,47
BRDA:108,8,1,1
BRDA:108,9,0,48
BRDA:108,9,1,47
BRDA:116,10,0,47
BRDA:116,10,1,1
BRF:21
BRH:20
end_of_record
TN:
SF:src\components\ui\accordion.tsx
FN:12,(anonymous_9)
FN:24,(anonymous_10)
FN:44,(anonymous_11)
FNF:3
FNH:3
FNDA:8,(anonymous_9)
FNDA:8,(anonymous_10)
FNDA:8,(anonymous_11)
DA:1,1
DA:2,1
DA:3,1
DA:5,1
DA:7,1
DA:9,1
DA:13,8
DA:19,1
DA:21,1
DA:25,8
DA:39,1
DA:41,1
DA:45,8
DA:54,1
DA:56,1
LF:15
LH:15
BRF:0
BRH:0
end_of_record
TN:
SF:src\components\ui\alert-dialog.tsx
FN:16,(anonymous_9)
FN:31,(anonymous_10)
FN:46,(anonymous_11)
FN:60,(anonymous_12)
FN:77,(anonymous_13)
FN:89,(anonymous_14)
FN:102,(anonymous_15)
FN:114,(anonymous_16)
FNF:8
FNH:8
FNDA:12,(anonymous_9)
FNDA:6,(anonymous_10)
FNDA:5,(anonymous_11)
FNDA:3,(anonymous_12)
FNDA:5,(anonymous_13)
FNDA:2,(anonymous_14)
FNDA:2,(anonymous_15)
FNDA:2,(anonymous_16)
DA:1,1
DA:2,1
DA:4,1
DA:5,1
DA:7,1
DA:9,1
DA:11,1
DA:13,1
DA:17,12
DA:26,1
DA:28,1
DA:32,6
DA:44,1
DA:46,1
DA:50,5
DA:58,1
DA:60,1
DA:64,3
DA:72,1
DA:74,1
DA:78,5
DA:84,1
DA:86,1
DA:90,2
DA:96,1
DA:99,1
DA:103,2
DA:109,1
DA:111,1
DA:115,2
DA:125,1
DA:128,1
DA:129,1
DA:130,1
DA:131,1
DA:132,1
DA:133,1
DA:134,1
DA:135,1
DA:136,1
DA:137,1
DA:138,1
LF:42
LH:42
BRF:0
BRH:0
end_of_record
TN:
SF:src\components\ui\alert.tsx
FN:25,(anonymous_9)
FN:38,(anonymous_10)
FN:50,(anonymous_11)
FNF:3
FNH:3
FNDA:29,(anonymous_9)
FNDA:6,(anonymous_10)
FNDA:26,(anonymous_11)
DA:1,7
DA:2,7
DA:4,7
DA:6,7
DA:22,7
DA:26,29
DA:33,7
DA:35,7
DA:39,6
DA:45,7
DA:47,7
DA:51,26
DA:57,7
DA:59,7
LF:14
LH:14
BRF:0
BRH:0
end_of_record
TN:
SF:src\components\ui\aspect-ratio.tsx
FNF:0
FNH:0
DA:1,3
DA:3,3
DA:5,3
LF:3
LH:3
BRF:0
BRH:0
end_of_record
TN:
SF:src\components\ui\avatar.tsx
FN:9,(anonymous_9)
FN:24,(anonymous_10)
FN:36,(anonymous_11)
FNF:3
FNH:3
FNDA:18,(anonymous_9)
FNDA:6,(anonymous_10)
FNDA:18,(anonymous_11)
DA:1,2
DA:2,2
DA:4,2
DA:6,2
DA:10,18
DA:19,2
DA:21,2
DA:25,6
DA:31,2
DA:33,2
DA:37,18
DA:46,2
DA:48,2
LF:13
LH:13
BRF:0
BRH:0
end_of_record
TN:
SF:src\components\ui\badge.tsx
FN:30,Badge
FNF:1
FNH:1
FNDA:50,Badge
DA:1,4
DA:2,4
DA:4,4
DA:6,4
DA:31,50
DA:36,4
LF:6
LH:6
BRF:0
BRH:0
end_of_record
TN:
SF:src\components\ui\breadcrumb.tsx
FN:12,(anonymous_9)
FN:18,(anonymous_10)
FN:33,(anonymous_11)
FN:47,(anonymous_12)
FN:63,(anonymous_13)
FN:75,(anonymous_14)
FN:91,(anonymous_15)
FNF:7
FNH:7
FNDA:16,(anonymous_9)
FNDA:16,(anonymous_10)
FNDA:23,(anonymous_11)
FNDA:13,(anonymous_12)
FNDA:7,(anonymous_13)
FNDA:7,(anonymous_14)
FNDA:3,(anonymous_15)
DA:1,1
DA:2,1
DA:3,1
DA:5,1
DA:7,1
DA:12,16
DA:13,1
DA:15,1
DA:19,16
DA:28,1
DA:30,1
DA:34,23
DA:40,1
DA:42,1
DA:48,13
DA:50,13
DA:58,1
DA:60,1
DA:64,7
DA:73,1
DA:75,1
DA:80,7
DA:89,1
DA:91,1
DA:95,3
DA:105,1
DA:108,1
DA:109,1
DA:110,1
DA:111,1
DA:112,1
DA:113,1
DA:114,1
LF:33
LH:33
BRDA:48,0,0,0
BRDA:48,0,1,13
BRDA:86,1,0,7
BRDA:86,1,1,7
BRF:4
BRH:3
end_of_record
TN:
SF:src\components\ui\button.tsx
FN:43,(anonymous_9)
FNF:1
FNH:1
FNDA:429,(anonymous_9)
DA:1,22
DA:2,22
DA:3,22
DA:5,22
DA:7,22
DA:42,22
DA:44,429
DA:45,429
DA:54,22
DA:56,22
LF:10
LH:10
BRDA:43,0,0,406
BRDA:44,1,0,23
BRDA:44,1,1,406
BRF:3
BRH:3
end_of_record
TN:
SF:src\components\ui\calendar.tsx
FN:10,Calendar
FN:55,(anonymous_10)
FN:56,(anonymous_11)
FNF:3
FNH:1
FNDA:11,Calendar
FNDA:0,(anonymous_10)
FNDA:0,(anonymous_11)
DA:1,1
DA:2,1
DA:3,1
DA:5,1
DA:6,1
DA:16,11
DA:55,0
DA:56,0
DA:62,1
DA:64,1
LF:10
LH:8
BRDA:13,0,0,9
BRF:1
BRH:1
end_of_record
TN:
SF:src\components\ui\card.tsx
FN:8,(anonymous_9)
FN:23,(anonymous_10)
FN:35,(anonymous_11)
FN:50,(anonymous_12)
FN:62,(anonymous_13)
FN:70,(anonymous_14)
FNF:6
FNH:6
FNDA:10,(anonymous_9)
FNDA:4,(anonymous_10)
FNDA:4,(anonymous_11)
FNDA:2,(anonymous_12)
FNDA:6,(anonymous_13)
FNDA:3,(anonymous_14)
DA:1,1
DA:3,1
DA:5,1
DA:9,10
DA:18,1
DA:20,1
DA:24,4
DA:30,1
DA:32,1
DA:36,4
DA:45,1
DA:47,1
DA:51,2
DA:57,1
DA:59,1
DA:63,6
DA:65,1
DA:67,1
DA:71,3
DA:77,1
DA:79,1
LF:21
LH:21
BRF:0
BRH:0
end_of_record
TN:
SF:src\components\ui\carousel.tsx
FN:33,useCarousel
FN:47,(anonymous_11)
FN:69,(anonymous_12)
FN:78,(anonymous_13)
FN:82,(anonymous_14)
FN:87,(anonymous_15)
FN:99,(anonymous_16)
FN:107,(anonymous_17)
FN:116,(anonymous_18)
FN:154,(anonymous_19)
FN:176,(anonymous_20)
FN:198,(anonymous_21)
FN:227,(anonymous_22)
FNF:13
FNH:13
FNDA:88,useCarousel
FNDA:76,(anonymous_11)
FNDA:38,(anonymous_12)
FNDA:4,(anonymous_13)
FNDA:4,(anonymous_14)
FNDA:4,(anonymous_15)
FNDA:38,(anonymous_16)
FNDA:38,(anonymous_17)
FNDA:38,(anonymous_18)
FNDA:26,(anonymous_19)
FNDA:22,(anonymous_20)
FNDA:20,(anonymous_21)
FNDA:20,(anonymous_22)
DA:1,1
DA:2,1
DA:5,1
DA:7,1
DA:8,1
DA:31,1
DA:34,88
DA:36,88
DA:37,0
DA:40,88
DA:43,1
DA:59,76
DA:66,76
DA:67,76
DA:69,76
DA:70,38
DA:71,0
DA:74,38
DA:75,38
DA:78,76
DA:79,4
DA:82,76
DA:83,4
DA:86,76
DA:88,4
DA:89,2
DA:90,2
DA:91,2
DA:92,2
DA:93,2
DA:99,76
DA:100,38
DA:101,37
DA:104,1
DA:107,76
DA:108,38
DA:109,0
DA:112,38
DA:113,38
DA:114,38
DA:116,38
DA:117,38
DA:121,76
DA:149,1
DA:151,1
DA:155,26
DA:157,26
DA:171,1
DA:173,1
DA:177,22
DA:179,22
DA:193,1
DA:195,1
DA:199,20
DA:201,20
DA:222,1
DA:224,1
DA:228,20
DA:230,20
DA:251,1
DA:255,1
DA:256,1
DA:257,1
DA:258,1
DA:259,1
LF:65
LH:62
BRDA:36,0,0,0
BRDA:36,0,1,88
BRDA:49,1,0,66
BRDA:62,2,0,66
BRDA:62,2,1,10
BRDA:70,3,0,0
BRDA:70,3,1,38
BRDA:88,4,0,2
BRDA:88,4,1,2
BRDA:91,5,0,2
BRDA:91,5,1,0
BRDA:100,6,0,37
BRDA:100,6,1,1
BRDA:100,7,0,38
BRDA:100,7,1,38
BRDA:108,8,0,0
BRDA:108,8,1,38
BRDA:128,9,0,76
BRDA:128,9,1,0
BRDA:128,10,0,0
BRDA:128,10,1,0
BRDA:163,11,0,22
BRDA:163,11,1,4
BRDA:186,12,0,20
BRDA:186,12,1,2
BRDA:198,13,0,20
BRDA:198,14,0,20
BRDA:208,15,0,18
BRDA:208,15,1,2
BRDA:227,16,0,20
BRDA:227,17,0,20
BRDA:237,18,0,18
BRDA:237,18,1,2
BRF:33
BRH:26
end_of_record
TN:
SF:src\components\ui\chart.tsx
FN:24,useChart
FN:42,(anonymous_10)
FN:66,(anonymous_11)
FN:68,(anonymous_12)
FN:80,(anonymous_13)
FN:83,(anonymous_14)
FN:112,(anonymous_15)
FN:132,(anonymous_16)
FN:183,(anonymous_17)
FN:262,(anonymous_18)
FN:280,(anonymous_19)
FN:310,getPayloadConfigFromPayload
FNF:12
FNH:12
FNDA:16,useChart
FNDA:23,(anonymous_10)
FNDA:26,(anonymous_11)
FNDA:76,(anonymous_12)
FNDA:50,(anonymous_13)
FNDA:150,(anonymous_14)
FNDA:10,(anonymous_15)
FNDA:10,(anonymous_16)
FNDA:16,(anonymous_17)
FNDA:6,(anonymous_18)
FNDA:10,(anonymous_19)
FNDA:34,getPayloadConfigFromPayload
DA:1,1
DA:2,1
DA:4,1
DA:6,1
DA:22,1
DA:25,16
DA:27,16
DA:28,0
DA:31,16
DA:34,1
DA:43,23
DA:44,23
DA:46,23
DA:64,1
DA:66,1
DA:67,26
DA:68,76
DA:71,26
DA:72,1
DA:75,25
DA:80,50
DA:85,150
DA:87,150
DA:99,1
DA:101,1
DA:130,10
DA:132,10
DA:133,10
DA:134,2
DA:137,8
DA:138,8
DA:139,8
DA:141,8
DA:145,8
DA:146,1
DA:153,7
DA:154,0
DA:157,7
DA:168,10
DA:169,2
DA:172,8
DA:174,8
DA:184,16
DA:185,16
DA:186,16
DA:188,16
DA:250,1
DA:252,1
DA:254,1
DA:266,6
DA:268,6
DA:269,1
DA:272,5
DA:281,10
DA:282,10
DA:284,10
DA:308,1
DA:315,34
DA:316,0
DA:320,34
DA:326,34
DA:328,34
DA:332,0
DA:333,34
DA:338,0
DA:343,34
DA:349,1
DA:350,1
DA:351,1
DA:352,1
DA:353,1
DA:354,1
LF:72
LH:67
BRDA:27,0,0,0
BRDA:27,0,1,16
BRDA:44,1,0,23
BRDA:44,1,1,22
BRDA:68,2,0,76
BRDA:68,2,1,51
BRDA:71,3,0,1
BRDA:71,3,1,25
BRDA:85,4,0,150
BRDA:85,4,1,100
BRDA:87,5,0,150
BRDA:87,5,1,0
BRDA:117,6,0,8
BRDA:118,7,0,9
BRDA:119,8,0,9
BRDA:133,9,0,2
BRDA:133,9,1,8
BRDA:133,10,0,10
BRDA:133,10,1,9
BRDA:138,11,0,8
BRDA:138,11,1,8
BRDA:138,11,2,0
BRDA:138,11,3,0
BRDA:141,12,0,1
BRDA:141,12,1,7
BRDA:141,13,0,8
BRDA:141,13,1,8
BRDA:142,14,0,1
BRDA:142,14,1,1
BRDA:145,15,0,1
BRDA:145,15,1,7
BRDA:153,16,0,0
BRDA:153,16,1,7
BRDA:168,17,0,2
BRDA:168,17,1,8
BRDA:168,18,0,10
BRDA:168,18,1,9
BRDA:172,19,0,8
BRDA:172,19,1,0
BRDA:181,20,0,8
BRDA:181,20,1,0
BRDA:184,21,0,16
BRDA:184,21,1,16
BRDA:184,21,2,0
BRDA:184,21,3,0
BRDA:186,22,0,16
BRDA:186,22,1,16
BRDA:186,22,2,0
BRDA:193,23,0,16
BRDA:193,23,1,12
BRDA:195,24,0,2
BRDA:195,24,1,14
BRDA:195,25,0,16
BRDA:195,25,1,2
BRDA:195,25,2,2
BRDA:199,26,0,0
BRDA:199,26,1,14
BRDA:202,27,0,14
BRDA:202,27,1,12
BRDA:211,28,0,12
BRDA:211,28,1,0
BRDA:226,29,0,0
BRDA:226,29,1,14
BRDA:229,30,0,0
BRDA:229,30,1,14
BRDA:231,31,0,14
BRDA:231,31,1,14
BRDA:234,32,0,14
BRDA:234,32,1,14
BRDA:263,33,0,6
BRDA:263,34,0,5
BRDA:268,35,0,1
BRDA:268,35,1,5
BRDA:277,36,0,1
BRDA:277,36,1,4
BRDA:281,37,0,10
BRDA:281,37,1,10
BRDA:281,37,2,0
BRDA:290,38,0,0
BRDA:290,38,1,10
BRDA:290,39,0,10
BRDA:290,39,1,0
BRDA:315,40,0,0
BRDA:315,40,1,34
BRDA:315,41,0,34
BRDA:315,41,1,34
BRDA:320,42,0,24
BRDA:320,42,1,10
BRDA:320,43,0,34
BRDA:320,43,1,24
BRDA:320,43,2,24
BRDA:328,44,0,0
BRDA:328,44,1,34
BRDA:329,45,0,34
BRDA:329,45,1,0
BRDA:333,46,0,0
BRDA:333,46,1,34
BRDA:334,47,0,34
BRDA:334,47,1,24
BRDA:334,47,2,0
BRDA:343,48,0,18
BRDA:343,48,1,16
BRF:102
BRH:80
end_of_record
TN:
SF:src\components\ui\checkbox.tsx
FN:10,(anonymous_9)
FNF:1
FNH:1
FNDA:8,(anonymous_9)
DA:1,1
DA:2,1
DA:3,1
DA:5,1
DA:7,1
DA:11,8
DA:26,1
DA:28,1
LF:8
LH:8
BRF:0
BRH:0
end_of_record
TN:
SF:src\components\ui\collapsible.tsx
FNF:0
FNH:0
DA:1,2
DA:3,2
DA:5,2
DA:7,2
DA:9,2
LF:5
LH:5
BRF:0
BRH:0
end_of_record
TN:
SF:src\components\ui\command.tsx
FN:12,(anonymous_9)
FN:28,(anonymous_10)
FN:43,(anonymous_11)
FN:62,(anonymous_12)
FN:75,(anonymous_13)
FN:88,(anonymous_14)
FN:104,(anonymous_15)
FN:116,(anonymous_16)
FN:129,(anonymous_17)
FNF:9
FNH:9
FNDA:12,(anonymous_9)
FNDA:1,(anonymous_10)
FNDA:3,(anonymous_11)
FNDA:8,(anonymous_12)
FNDA:2,(anonymous_13)
FNDA:1,(anonymous_14)
FNDA:1,(anonymous_15)
FNDA:4,(anonymous_16)
FNDA:1,(anonymous_17)
DA:1,1
DA:3,1
DA:4,1
DA:6,1
DA:7,1
DA:9,1
DA:13,12
DA:22,1
DA:28,1
DA:29,1
DA:40,1
DA:44,3
DA:57,1
DA:59,1
DA:63,8
DA:70,1
DA:72,1
DA:76,2
DA:83,1
DA:85,1
DA:89,1
DA:99,1
DA:101,1
DA:105,1
DA:111,1
DA:113,1
DA:117,4
DA:127,1
DA:129,1
DA:133,1
DA:143,1
DA:146,1
DA:147,1
DA:148,1
DA:149,1
DA:150,1
DA:151,1
DA:152,1
DA:153,1
DA:154,1
LF:40
LH:40
BRF:0
BRH:0
end_of_record
TN:
SF:src\components\ui\context-menu.tsx
FN:24,(anonymous_9)
FN:43,(anonymous_10)
FN:58,(anonymous_11)
FN:77,(anonymous_12)
FN:93,(anonymous_13)
FN:117,(anonymous_14)
FN:141,(anonymous_15)
FN:157,(anonymous_16)
FN:166,(anonymous_17)
FNF:9
FNH:9
FNDA:4,(anonymous_9)
FNDA:3,(anonymous_10)
FNDA:4,(anonymous_11)
FNDA:7,(anonymous_12)
FNDA:4,(anonymous_13)
FNDA:4,(anonymous_14)
FNDA:4,(anonymous_15)
FNDA:3,(anonymous_16)
FNDA:2,(anonymous_17)
DA:1,1
DA:2,1
DA:3,1
DA:5,1
DA:7,1
DA:9,1
DA:11,1
DA:13,1
DA:15,1
DA:17,1
DA:19,1
DA:25,4
DA:38,1
DA:40,1
DA:44,3
DA:53,1
DA:55,1
DA:59,4
DA:70,1
DA:72,1
DA:78,7
DA:88,1
DA:90,1
DA:94,4
DA:111,1
DA:114,1
DA:118,4
DA:134,1
DA:136,1
DA:142,4
DA:152,1
DA:154,1
DA:158,3
DA:164,1
DA:166,1
DA:170,2
DA:180,1
DA:183,1
DA:184,1
DA:185,1
DA:186,1
DA:187,1
DA:188,1
DA:189,1
DA:190,1
DA:191,1
DA:192,1
DA:193,1
DA:194,1
DA:195,1
DA:196,1
DA:197,1
LF:52
LH:52
BRDA:29,0,0,4
BRDA:29,0,1,1
BRDA:82,1,0,7
BRDA:82,1,1,1
BRDA:146,2,0,4
BRDA:146,2,1,1
BRF:6
BRH:6
end_of_record
TN:
SF:src\components\ui\dialog.tsx
FN:18,(anonymous_9)
FN:33,(anonymous_10)
FN:54,(anonymous_11)
FN:68,(anonymous_12)
FN:85,(anonymous_13)
FN:100,(anonymous_14)
FNF:6
FNH:6
FNDA:16,(anonymous_9)
FNDA:9,(anonymous_10)
FNDA:2,(anonymous_11)
FNDA:1,(anonymous_12)
FNDA:3,(anonymous_13)
FNDA:1,(anonymous_14)
DA:1,2
DA:2,2
DA:3,2
DA:5,2
DA:7,2
DA:9,2
DA:11,2
DA:13,2
DA:15,2
DA:19,16
DA:28,2
DA:30,2
DA:34,9
DA:52,2
DA:54,2
DA:58,2
DA:66,2
DA:68,2
DA:72,1
DA:80,2
DA:82,2
DA:86,3
DA:95,2
DA:97,2
DA:101,1
DA:107,2
DA:110,2
DA:111,2
DA:112,2
DA:113,2
DA:114,2
DA:115,2
DA:116,2
DA:117,2
DA:118,2
DA:119,2
LF:36
LH:36
BRF:0
BRH:0
end_of_record
TN:
SF:src\components\ui\drawer.tsx
FN:6,(anonymous_9)
FN:26,(anonymous_10)
FN:38,(anonymous_11)
FN:56,(anonymous_12)
FN:67,(anonymous_13)
FN:81,(anonymous_14)
FN:96,(anonymous_15)
FNF:7
FNH:7
FNDA:9,(anonymous_9)
FNDA:7,(anonymous_10)
FNDA:7,(anonymous_11)
FNDA:3,(anonymous_12)
FNDA:3,(anonymous_13)
FNDA:3,(anonymous_14)
FNDA:3,(anonymous_15)
DA:1,1
DA:2,1
DA:4,1
DA:6,1
DA:10,9
DA:15,1
DA:17,1
DA:19,1
DA:21,1
DA:23,1
DA:27,7
DA:33,1
DA:35,1
DA:39,7
DA:54,1
DA:56,1
DA:60,3
DA:65,1
DA:67,1
DA:71,3
DA:76,1
DA:78,1
DA:82,3
DA:91,1
DA:93,1
DA:97,3
DA:103,1
DA:106,1
DA:107,1
DA:108,1
DA:109,1
DA:110,1
DA:111,1
DA:112,1
DA:113,1
DA:114,1
DA:115,1
LF:37
LH:37
BRDA:7,0,0,9
BRF:1
BRH:1
end_of_record
TN:
SF:src\components\ui\dropdown-menu.tsx
FN:24,(anonymous_9)
FN:44,(anonymous_10)
FN:60,(anonymous_11)
FN:80,(anonymous_12)
FN:96,(anonymous_13)
FN:120,(anonymous_14)
FN:144,(anonymous_15)
FN:160,(anonymous_16)
FN:169,(anonymous_17)
FNF:9
FNH:9
FNDA:4,(anonymous_9)
FNDA:3,(anonymous_10)
FNDA:4,(anonymous_11)
FNDA:11,(anonymous_12)
FNDA:4,(anonymous_13)
FNDA:4,(anonymous_14)
FNDA:4,(anonymous_15)
FNDA:4,(anonymous_16)
FNDA:3,(anonymous_17)
DA:1,1
DA:2,1
DA:3,1
DA:5,1
DA:7,1
DA:9,1
DA:11,1
DA:13,1
DA:15,1
DA:17,1
DA:19,1
DA:25,4
DA:38,1
DA:41,1
DA:45,3
DA:54,1
DA:57,1
DA:61,4
DA:73,1
DA:75,1
DA:81,11
DA:91,1
DA:93,1
DA:97,4
DA:114,1
DA:117,1
DA:121,4
DA:137,1
DA:139,1
DA:145,4
DA:155,1
DA:157,1
DA:161,4
DA:167,1
DA:169,1
DA:173,3
DA:180,1
DA:183,1
DA:184,1
DA:185,1
DA:186,1
DA:187,1
DA:188,1
DA:189,1
DA:190,1
DA:191,1
DA:192,1
DA:193,1
DA:194,1
DA:195,1
DA:196,1
DA:197,1
LF:52
LH:52
BRDA:29,0,0,4
BRDA:29,0,1,1
BRDA:60,1,0,3
BRDA:85,2,0,11
BRDA:85,2,1,1
BRDA:149,3,0,4
BRDA:149,3,1,1
BRF:7
BRH:7
end_of_record
TN:
SF:src\components\ui\form.tsx
FN:29,(anonymous_9)
FN:42,(anonymous_10)
FN:76,(anonymous_11)
FN:90,(anonymous_12)
FN:107,(anonymous_13)
FN:129,(anonymous_14)
FN:146,(anonymous_15)
FNF:7
FNH:7
FNDA:4,(anonymous_9)
FNDA:18,(anonymous_10)
FNDA:6,(anonymous_11)
FNDA:6,(anonymous_12)
FNDA:6,(anonymous_13)
FNDA:3,(anonymous_14)
FNDA:3,(anonymous_15)
DA:1,1
DA:3,1
DA:4,1
DA:13,1
DA:14,1
DA:16,1
DA:25,1
DA:29,1
DA:35,4
DA:42,1
DA:43,18
DA:44,18
DA:45,18
DA:47,18
DA:49,18
DA:50,0
DA:53,18
DA:55,18
DA:69,1
DA:73,1
DA:77,6
DA:79,6
DA:85,1
DA:87,1
DA:91,6
DA:93,6
DA:102,1
DA:104,1
DA:108,6
DA:110,6
DA:124,1
DA:126,1
DA:130,3
DA:132,3
DA:141,1
DA:143,1
DA:147,3
DA:148,3
DA:150,3
DA:151,1
DA:154,2
DA:165,1
DA:168,1
DA:169,1
DA:170,1
DA:171,1
DA:172,1
DA:173,1
DA:174,1
DA:175,1
LF:50
LH:49
BRDA:49,0,0,0
BRDA:49,0,1,18
BRDA:96,1,0,6
BRDA:96,1,1,0
BRDA:115,2,0,6
BRDA:115,2,1,0
BRDA:148,3,0,0
BRDA:148,3,1,3
BRDA:150,4,0,1
BRDA:150,4,1,2
BRF:10
BRH:6
end_of_record
TN:
SF:src\components\ui\hover-card.tsx
FN:13,(anonymous_9)
FNF:1
FNH:1
FNDA:8,(anonymous_9)
DA:1,1
DA:2,1
DA:4,1
DA:6,1
DA:8,1
DA:10,1
DA:14,8
DA:25,1
DA:27,1
LF:9
LH:9
BRDA:13,0,0,6
BRDA:13,1,0,6
BRF:2
BRH:2
end_of_record
TN:
SF:src\components\ui\input-otp.tsx
FN:10,(anonymous_9)
FN:26,(anonymous_10)
FN:34,(anonymous_11)
FN:62,(anonymous_12)
FNF:4
FNH:4
FNDA:6,(anonymous_9)
FNDA:12,(anonymous_10)
FNDA:30,(anonymous_11)
FNDA:5,(anonymous_12)
DA:1,1
DA:2,1
DA:3,1
DA:5,1
DA:7,1
DA:11,6
DA:21,1
DA:23,1
DA:27,12
DA:29,1
DA:31,1
DA:35,30
DA:36,30
DA:38,30
DA:57,1
DA:59,1
DA:63,5
DA:67,1
DA:69,1
LF:19
LH:19
BRDA:43,0,0,30
BRDA:43,0,1,6
BRDA:49,1,0,30
BRDA:49,1,1,4
BRF:4
BRH:4
end_of_record
TN:
SF:src\components\ui\input.tsx
FN:6,(anonymous_9)
FNF:1
FNH:1
FNDA:83,(anonymous_9)
DA:1,6
DA:3,6
DA:5,6
DA:7,83
DA:20,6
DA:22,6
LF:6
LH:6
BRF:0
BRH:0
end_of_record
TN:
SF:src\components\ui\label.tsx
FN:15,(anonymous_9)
FNF:1
FNH:1
FNDA:10,(anonymous_9)
DA:1,2
DA:2,2
DA:3,2
DA:5,2
DA:7,2
DA:11,2
DA:16,10
DA:22,2
DA:24,2
LF:9
LH:9
BRF:0
BRH:0
end_of_record
TN:
SF:src\components\ui\menubar.tsx
FN:20,(anonymous_9)
FN:35,(anonymous_10)
FN:52,(anonymous_11)
FN:71,(anonymous_12)
FN:87,(anonymous_13)
FN:113,(anonymous_14)
FN:129,(anonymous_15)
FN:152,(anonymous_16)
FN:176,(anonymous_17)
FN:192,(anonymous_18)
FN:201,(anonymous_19)
FNF:11
FNH:11
FNDA:3,(anonymous_9)
FNDA:3,(anonymous_10)
FNDA:4,(anonymous_11)
FNDA:3,(anonymous_12)
FNDA:4,(anonymous_13)
FNDA:6,(anonymous_14)
FNDA:4,(anonymous_15)
FNDA:4,(anonymous_16)
FNDA:3,(anonymous_17)
FNDA:3,(anonymous_18)
FNDA:2,(anonymous_19)
DA:1,1
DA:2,1
DA:3,1
DA:5,1
DA:7,1
DA:9,1
DA:11,1
DA:13,1
DA:15,1
DA:17,1
DA:21,3
DA:30,1
DA:32,1
DA:36,3
DA:45,1
DA:47,1
DA:53,4
DA:66,1
DA:68,1
DA:72,3
DA:81,1
DA:83,1
DA:91,4
DA:106,1
DA:108,1
DA:114,6
DA:124,1
DA:126,1
DA:130,4
DA:147,1
DA:149,1
DA:153,4
DA:169,1
DA:171,1
DA:177,3
DA:187,1
DA:189,1
DA:193,3
DA:199,1
DA:201,1
DA:205,2
DA:215,1
DA:218,1
DA:219,1
DA:220,1
DA:221,1
DA:222,1
DA:223,1
DA:224,1
DA:225,1
DA:226,1
DA:227,1
DA:228,1
DA:229,1
DA:230,1
DA:231,1
DA:232,1
DA:233,1
LF:58
LH:58
BRDA:57,0,0,4
BRDA:57,0,1,1
BRDA:88,1,0,3
BRDA:88,2,0,4
BRDA:88,3,0,3
BRDA:118,4,0,6
BRDA:118,4,1,1
BRDA:181,5,0,3
BRDA:181,5,1,1
BRF:9
BRH:9
end_of_record
TN:
SF:src\components\ui\navigation-menu.tsx
FN:11,(anonymous_9)
FN:29,(anonymous_10)
FN:50,(anonymous_11)
FN:68,(anonymous_12)
FN:85,(anonymous_13)
FN:103,(anonymous_14)
FNF:6
FNH:6
FNDA:13,(anonymous_9)
FNDA:13,(anonymous_10)
FNDA:11,(anonymous_11)
FNDA:2,(anonymous_12)
FNDA:15,(anonymous_13)
FNDA:2,(anonymous_14)
DA:1,1
DA:2,1
DA:3,1
DA:4,1
DA:6,1
DA:8,1
DA:12,13
DA:24,1
DA:26,1
DA:30,13
DA:39,1
DA:41,1
DA:43,1
DA:47,1
DA:51,11
DA:63,1
DA:65,1
DA:69,2
DA:78,1
DA:80,1
DA:82,1
DA:86,15
DA:97,1
DA:100,1
DA:104,2
DA:115,1
DA:119,1
DA:120,1
DA:121,1
DA:122,1
DA:123,1
DA:124,1
DA:125,1
DA:126,1
DA:127,1
LF:35
LH:35
BRF:0
BRH:0
end_of_record
TN:
SF:src\components\ui\pagination.tsx
FN:7,(anonymous_9)
FN:20,(anonymous_10)
FN:32,(anonymous_11)
FN:42,(anonymous_12)
FN:62,(anonymous_13)
FN:78,(anonymous_14)
FN:94,(anonymous_15)
FNF:7
FNH:7
FNDA:9,(anonymous_9)
FNDA:9,(anonymous_10)
FNDA:14,(anonymous_11)
FNDA:13,(anonymous_12)
FNDA:1,(anonymous_13)
FNDA:1,(anonymous_14)
FNDA:1,(anonymous_15)
DA:1,2
DA:2,2
DA:4,2
DA:5,2
DA:7,2
DA:8,9
DA:15,2
DA:17,2
DA:21,9
DA:27,2
DA:29,2
DA:33,14
DA:35,2
DA:42,2
DA:48,13
DA:60,2
DA:62,2
DA:66,1
DA:76,2
DA:78,2
DA:82,1
DA:92,2
DA:94,2
DA:98,1
DA:107,2
DA:110,2
DA:111,2
DA:112,2
DA:113,2
DA:114,2
DA:115,2
DA:116,2
LF:32
LH:32
BRDA:45,0,0,11
BRDA:49,1,0,2
BRDA:49,1,1,11
BRDA:52,2,0,2
BRDA:52,2,1,11
BRF:5
BRH:5
end_of_record
TN:
SF:src\components\ui\popover.tsx
FN:13,(anonymous_9)
FNF:1
FNH:1
FNDA:7,(anonymous_9)
DA:1,1
DA:2,1
DA:4,1
DA:6,1
DA:8,1
DA:10,1
DA:14,7
DA:27,1
DA:29,1
LF:9
LH:9
BRDA:13,0,0,6
BRDA:13,1,0,6
BRF:2
BRH:2
end_of_record
TN:
SF:src\components\ui\progress.tsx
FN:9,(anonymous_9)
FNF:1
FNH:1
FNDA:12,(anonymous_9)
DA:1,1
DA:2,1
DA:4,1
DA:6,1
DA:10,12
DA:24,1
DA:26,1
LF:7
LH:7
BRDA:20,0,0,12
BRDA:20,0,1,2
BRF:2
BRH:2
end_of_record
TN:
SF:src\components\ui\radio-group.tsx
FN:10,(anonymous_9)
FN:24,(anonymous_10)
FNF:2
FNH:2
FNDA:12,(anonymous_9)
FNDA:19,(anonymous_10)
DA:1,1
DA:2,1
DA:3,1
DA:5,1
DA:7,1
DA:11,12
DA:19,1
DA:21,1
DA:25,19
DA:40,1
DA:42,1
LF:11
LH:11
BRF:0
BRH:0
end_of_record
TN:
SF:src\components\ui\resizable.tsx
FN:6,(anonymous_9)
FN:21,(anonymous_10)
FNF:2
FNH:2
FNDA:6,(anonymous_9)
FNDA:4,(anonymous_10)
DA:1,1
DA:2,1
DA:4,1
DA:6,1
DA:10,6
DA:19,1
DA:21,1
DA:28,4
DA:43,1
LF:9
LH:9
BRDA:35,0,0,4
BRDA:35,0,1,1
BRF:2
BRH:2
end_of_record
TN:
SF:src\components\ui\scroll-area.tsx
FN:9,(anonymous_9)
FN:27,(anonymous_10)
FNF:2
FNH:2
FNDA:6,(anonymous_9)
FNDA:14,(anonymous_10)
DA:1,1
DA:2,1
DA:4,1
DA:6,1
DA:10,6
DA:22,1
DA:24,1
DA:28,14
DA:44,1
DA:46,1
LF:10
LH:10
BRDA:27,0,0,12
BRDA:33,1,0,14
BRDA:33,1,1,12
BRDA:35,2,0,14
BRDA:35,2,1,2
BRF:5
BRH:5
end_of_record
TN:
SF:src\components\ui\select.tsx
FN:16,(anonymous_9)
FN:36,(anonymous_10)
FN:53,(anonymous_11)
FN:71,(anonymous_12)
FN:103,(anonymous_13)
FN:115,(anonymous_14)
FN:138,(anonymous_15)
FNF:7
FNH:5
FNDA:9,(anonymous_9)
FNDA:5,(anonymous_10)
FNDA:5,(anonymous_11)
FNDA:5,(anonymous_12)
FNDA:0,(anonymous_13)
FNDA:12,(anonymous_14)
FNDA:0,(anonymous_15)
DA:1,4
DA:2,4
DA:3,4
DA:5,4
DA:7,4
DA:9,4
DA:11,4
DA:13,4
DA:17,9
DA:31,4
DA:33,4
DA:37,5
DA:48,4
DA:50,4
DA:54,5
DA:65,4
DA:68,4
DA:72,5
DA:98,4
DA:100,4
DA:104,0
DA:110,4
DA:112,4
DA:116,12
DA:133,4
DA:135,4
DA:139,0
DA:145,4
DA:148,4
DA:149,4
DA:150,4
DA:151,4
DA:152,4
DA:153,4
DA:154,4
DA:155,4
DA:156,4
DA:157,4
LF:38
LH:36
BRDA:71,0,0,5
BRDA:77,1,0,5
BRDA:77,1,1,5
BRDA:88,2,0,5
BRDA:88,2,1,5
BRF:5
BRH:5
end_of_record
TN:
SF:src\components\ui\separator.tsx
FN:10,(anonymous_9)
FNF:1
FNH:1
FNDA:7,(anonymous_9)
DA:1,3
DA:2,3
DA:4,3
DA:6,3
DA:14,7
DA:27,3
DA:29,3
LF:7
LH:7
BRDA:11,0,0,6
BRDA:11,1,0,7
BRDA:20,2,0,6
BRDA:20,2,1,1
BRF:4
BRH:4
end_of_record
TN:
SF:src\components\ui\sheet.tsx
FN:19,(anonymous_9)
FN:57,(anonymous_10)
FN:75,(anonymous_11)
FN:89,(anonymous_12)
FN:106,(anonymous_13)
FN:118,(anonymous_14)
FNF:6
FNH:6
FNDA:7,(anonymous_9)
FNDA:7,(anonymous_10)
FNDA:3,(anonymous_11)
FNDA:3,(anonymous_12)
FNDA:3,(anonymous_13)
FNDA:3,(anonymous_14)
DA:1,3
DA:2,3
DA:3,3
DA:4,3
DA:6,3
DA:8,3
DA:10,3
DA:12,3
DA:14,3
DA:16,3
DA:20,7
DA:29,3
DA:31,3
DA:54,3
DA:58,7
DA:73,3
DA:75,3
DA:79,3
DA:87,3
DA:89,3
DA:93,3
DA:101,3
DA:103,3
DA:107,3
DA:113,3
DA:115,3
DA:119,3
DA:125,3
DA:128,3
DA:129,3
LF:30
LH:30
BRDA:57,0,0,7
BRF:1
BRH:1
end_of_record
TN:
SF:src\components\ui\sidebar.tsx
FN:39,useSidebar
FN:56,(anonymous_10)
FN:74,(anonymous_11)
FN:87,(anonymous_12)
FN:89,(anonymous_13)
FN:90,(anonymous_14)
FN:93,(anonymous_15)
FN:94,(anonymous_16)
FN:105,(anonymous_17)
FN:111,(anonymous_18)
FN:157,(anonymous_19)
FN:248,(anonymous_20)
FN:258,(anonymous_21)
FN:273,(anonymous_22)
FN:302,(anonymous_23)
FN:320,(anonymous_24)
FN:338,(anonymous_25)
FN:353,(anonymous_26)
FN:368,(anonymous_27)
FN:383,(anonymous_28)
FN:401,(anonymous_29)
FN:416,(anonymous_30)
FN:437,(anonymous_31)
FN:459,(anonymous_32)
FN:472,(anonymous_33)
FN:485,(anonymous_34)
FN:525,(anonymous_35)
FN:582,(anonymous_36)
FN:609,(anonymous_37)
FN:632,(anonymous_38)
FN:633,(anonymous_39)
FN:666,(anonymous_40)
FN:683,(anonymous_41)
FN:693,(anonymous_42)
FNF:34
FNH:25
FNDA:29,useSidebar
FNDA:62,(anonymous_10)
FNDA:0,(anonymous_11)
FNDA:0,(anonymous_12)
FNDA:0,(anonymous_13)
FNDA:0,(anonymous_14)
FNDA:31,(anonymous_15)
FNDA:0,(anonymous_16)
FNDA:31,(anonymous_17)
FNDA:31,(anonymous_18)
FNDA:22,(anonymous_19)
FNDA:2,(anonymous_20)
FNDA:0,(anonymous_21)
FNDA:1,(anonymous_22)
FNDA:2,(anonymous_23)
FNDA:2,(anonymous_24)
FNDA:3,(anonymous_25)
FNDA:2,(anonymous_26)
FNDA:2,(anonymous_27)
FNDA:13,(anonymous_28)
FNDA:7,(anonymous_29)
FNDA:2,(anonymous_30)
FNDA:0,(anonymous_31)
FNDA:5,(anonymous_32)
FNDA:6,(anonymous_33)
FNDA:5,(anonymous_34)
FNDA:4,(anonymous_35)
FNDA:0,(anonymous_36)
FNDA:0,(anonymous_37)
FNDA:1,(anonymous_38)
FNDA:1,(anonymous_39)
FNDA:1,(anonymous_40)
FNDA:1,(anonymous_41)
FNDA:1,(anonymous_42)
DA:1,2
DA:2,2
DA:3,2
DA:4,2
DA:6,2
DA:7,2
DA:8,2
DA:9,2
DA:10,2
DA:11,2
DA:12,2
DA:13,2
DA:20,2
DA:21,2
DA:22,2
DA:23,2
DA:24,2
DA:25,2
DA:37,2
DA:40,29
DA:41,29
DA:42,0
DA:45,29
DA:48,2
DA:68,62
DA:69,62
DA:71,62
DA:72,62
DA:73,62
DA:75,0
DA:76,0
DA:77,0
DA:79,0
DA:82,0
DA:87,62
DA:88,0
DA:89,0
DA:90,0
DA:93,62
DA:94,31
DA:95,0
DA:99,0
DA:100,0
DA:104,31
DA:105,31
DA:108,62
DA:110,62
DA:111,31
DA:123,62
DA:147,2
DA:149,2
DA:168,22
DA:170,22
DA:171,0
DA:184,22
DA:185,0
DA:203,22
DA:243,2
DA:245,2
DA:249,2
DA:251,2
DA:259,0
DA:260,0
DA:268,2
DA:270,2
DA:274,1
DA:276,1
DA:297,2
DA:299,2
DA:303,2
DA:315,2
DA:317,2
DA:321,2
DA:333,2
DA:335,2
DA:339,3
DA:348,2
DA:350,2
DA:354,2
DA:363,2
DA:365,2
DA:369,2
DA:378,2
DA:380,2
DA:384,13
DA:396,2
DA:398,2
DA:402,7
DA:411,2
DA:413,2
DA:417,2
DA:419,2
DA:432,2
DA:434,2
DA:438,0
DA:440,0
DA:454,2
DA:456,2
DA:460,5
DA:467,2
DA:469,2
DA:473,6
DA:480,2
DA:482,2
DA:486,5
DA:493,2
DA:495,2
DA:517,2
DA:537,4
DA:538,4
DA:541,4
DA:551,4
DA:552,4
DA:555,0
DA:556,0
DA:561,0
DA:574,2
DA:576,2
DA:583,0
DA:585,0
DA:604,2
DA:606,2
DA:610,0
DA:625,2
DA:627,2
DA:633,1
DA:634,1
DA:637,1
DA:661,2
DA:663,2
DA:667,1
DA:678,2
DA:680,2
DA:683,1
DA:684,2
DA:686,2
DA:694,1
DA:696,1
DA:714,2
DA:717,2
DA:718,2
DA:719,2
DA:720,2
DA:721,2
DA:722,2
DA:723,2
DA:724,2
DA:725,2
DA:726,2
DA:727,2
DA:728,2
DA:729,2
DA:730,2
DA:731,2
DA:732,2
DA:733,2
DA:734,2
DA:735,2
DA:736,2
DA:737,2
DA:738,2
DA:739,2
DA:740,2
LF:163
LH:139
BRDA:41,0,0,0
BRDA:41,0,1,29
BRDA:58,1,0,62
BRDA:72,2,0,62
BRDA:72,2,1,62
BRDA:75,3,0,0
BRDA:75,3,1,0
BRDA:76,4,0,0
BRDA:76,4,1,0
BRDA:88,5,0,0
BRDA:88,5,1,0
BRDA:95,6,0,0
BRDA:95,6,1,0
BRDA:96,7,0,0
BRDA:96,7,1,0
BRDA:96,7,2,0
BRDA:108,8,0,62
BRDA:108,8,1,0
BRDA:159,9,0,21
BRDA:160,10,0,21
BRDA:161,11,0,22
BRDA:170,12,0,0
BRDA:170,12,1,22
BRDA:184,13,0,0
BRDA:184,13,1,22
BRDA:208,14,0,0
BRDA:208,14,1,22
BRDA:216,15,0,1
BRDA:216,15,1,21
BRDA:216,16,0,22
BRDA:216,16,1,21
BRDA:224,17,0,21
BRDA:224,17,1,1
BRDA:227,18,0,1
BRDA:227,18,1,21
BRDA:227,19,0,22
BRDA:227,19,1,21
BRDA:416,20,0,2
BRDA:417,21,0,0
BRDA:417,21,1,2
BRDA:437,22,0,0
BRDA:438,23,0,0
BRDA:438,23,1,0
BRDA:527,24,0,3
BRDA:528,25,0,4
BRDA:529,26,0,4
BRDA:530,27,0,4
BRDA:537,28,0,1
BRDA:537,28,1,3
BRDA:551,29,0,4
BRDA:551,29,1,0
BRDA:555,30,0,0
BRDA:555,30,1,0
BRDA:567,31,0,0
BRDA:567,31,1,0
BRDA:582,32,0,0
BRDA:582,33,0,0
BRDA:583,34,0,0
BRDA:583,34,1,0
BRDA:596,35,0,0
BRDA:596,35,1,0
BRDA:632,36,0,1
BRDA:643,37,0,1
BRDA:643,37,1,0
BRDA:693,38,0,1
BRDA:693,39,0,1
BRDA:694,40,0,0
BRDA:694,40,1,1
BRDA:705,41,0,1
BRDA:705,41,1,0
BRDA:706,42,0,1
BRDA:706,42,1,1
BRF:72
BRH:38
end_of_record
TN:
SF:src\components\ui\skeleton.tsx
FN:3,Skeleton
FNF:1
FNH:1
FNDA:10,Skeleton
DA:1,3
DA:7,10
DA:15,3
LF:3
LH:3
BRF:0
BRH:0
end_of_record
TN:
SF:src\components\ui\slider.tsx
FN:9,(anonymous_9)
FNF:1
FNH:1
FNDA:12,(anonymous_9)
DA:1,1
DA:2,1
DA:4,1
DA:6,1
DA:10,12
DA:24,1
DA:26,1
LF:7
LH:7
BRF:0
BRH:0
end_of_record
TN:
SF:src\components\ui\sonner.tsx
FN:29,(anonymous_0)
FN:6,(anonymous_1)
FNF:2
FNH:1
FNDA:0,(anonymous_0)
FNDA:6,(anonymous_1)
DA:1,1
DA:2,1
DA:6,1
DA:7,6
DA:9,6
DA:29,1
LF:6
LH:6
BRDA:7,0,0,6
BRF:1
BRH:1
end_of_record
TN:
SF:src\components\ui\switch.tsx
FN:9,(anonymous_9)
FNF:1
FNH:1
FNDA:18,(anonymous_9)
DA:1,1
DA:2,1
DA:4,1
DA:6,1
DA:10,18
DA:25,1
DA:27,1
LF:7
LH:7
BRF:0
BRH:0
end_of_record
TN:
SF:src\components\ui\table.tsx
FN:8,(anonymous_9)
FN:22,(anonymous_10)
FN:30,(anonymous_11)
FN:42,(anonymous_12)
FN:57,(anonymous_13)
FN:72,(anonymous_14)
FN:87,(anonymous_15)
FN:99,(anonymous_16)
FNF:8
FNH:8
FNDA:17,(anonymous_9)
FNDA:6,(anonymous_10)
FNDA:11,(anonymous_11)
FNDA:3,(anonymous_12)
FNDA:21,(anonymous_13)
FNDA:8,(anonymous_14)
FNDA:19,(anonymous_15)
FNDA:3,(anonymous_16)
DA:1,1
DA:3,1
DA:5,1
DA:9,17
DA:17,1
DA:19,1
DA:23,6
DA:25,1
DA:27,1
DA:31,11
DA:37,1
DA:39,1
DA:43,3
DA:52,1
DA:54,1
DA:58,21
DA:67,1
DA:69,1
DA:73,8
DA:82,1
DA:84,1
DA:88,19
DA:94,1
DA:96,1
DA:100,3
DA:106,1
DA:109,1
DA:110,1
DA:111,1
DA:112,1
DA:113,1
DA:114,1
DA:115,1
DA:116,1
LF:34
LH:34
BRF:0
BRH:0
end_of_record
TN:
SF:src\components\ui\tabs.tsx
FN:11,(anonymous_9)
FN:26,(anonymous_10)
FN:41,(anonymous_11)
FNF:3
FNH:3
FNDA:5,(anonymous_9)
FNDA:11,(anonymous_10)
FNDA:9,(anonymous_11)
DA:1,1
DA:2,1
DA:4,1
DA:6,1
DA:8,1
DA:12,5
DA:21,1
DA:23,1
DA:27,11
DA:36,1
DA:38,1
DA:42,9
DA:51,1
DA:53,1
LF:14
LH:14
BRF:0
BRH:0
end_of_record
TN:
SF:src\components\ui\textarea.tsx
FN:8,(anonymous_9)
FNF:1
FNH:1
FNDA:15,(anonymous_9)
DA:1,1
DA:3,1
DA:7,1
DA:9,15
DA:21,1
DA:23,1
LF:6
LH:6
BRF:0
BRH:0
end_of_record
TN:
SF:src\components\ui\toast.tsx
FN:13,(anonymous_9)
FN:45,(anonymous_10)
FN:59,(anonymous_11)
FN:74,(anonymous_12)
FN:92,(anonymous_13)
FN:104,(anonymous_14)
FNF:6
FNH:6
FNDA:10,(anonymous_9)
FNDA:5,(anonymous_10)
FNDA:5,(anonymous_11)
FNDA:5,(anonymous_12)
FNDA:4,(anonymous_13)
FNDA:4,(anonymous_14)
DA:1,2
DA:2,2
DA:3,2
DA:4,2
DA:6,2
DA:8,2
DA:10,2
DA:14,10
DA:23,2
DA:25,2
DA:41,2
DA:46,5
DA:54,2
DA:56,2
DA:60,5
DA:69,2
DA:71,2
DA:75,5
DA:87,2
DA:89,2
DA:93,4
DA:99,2
DA:101,2
DA:105,4
DA:111,2
DA:120,2
DA:121,2
DA:122,2
DA:123,2
DA:124,2
DA:125,2
DA:126,2
LF:32
LH:32
BRF:0
BRH:0
end_of_record
TN:
SF:src\components\ui\toaster.tsx
FN:11,Toaster
FN:16,(anonymous_1)
FNF:2
FNH:1
FNDA:6,Toaster
FNDA:0,(anonymous_1)
DA:1,1
DA:2,1
DA:11,1
DA:12,6
DA:14,6
DA:17,0
LF:6
LH:5
BRDA:20,0,0,0
BRDA:20,0,1,0
BRDA:21,1,0,0
BRDA:21,1,1,0
BRF:4
BRH:0
end_of_record
TN:
SF:src\components\ui\toggle-group.tsx
FN:19,(anonymous_9)
FN:37,(anonymous_10)
FNF:2
FNH:2
FNDA:13,(anonymous_9)
FNDA:20,(anonymous_10)
DA:1,1
DA:2,1
DA:5,1
DA:6,1
DA:8,1
DA:15,1
DA:20,13
DA:31,1
DA:33,1
DA:38,20
DA:40,20
DA:57,1
DA:59,1
LF:13
LH:13
BRDA:45,0,0,20
BRDA:45,0,1,18
BRDA:46,1,0,20
BRDA:46,1,1,18
BRF:4
BRH:4
end_of_record
TN:
SF:src\components\ui\toggle.tsx
FN:33,(anonymous_9)
FNF:1
FNH:1
FNDA:11,(anonymous_9)
DA:1,2
DA:2,2
DA:3,2
DA:5,2
DA:7,2
DA:29,2
DA:34,11
DA:41,2
DA:43,2
LF:9
LH:9
BRF:0
BRH:0
end_of_record
TN:
SF:src\components\ui\tooltip.tsx
FN:15,(anonymous_9)
FNF:1
FNH:1
FNDA:11,(anonymous_9)
DA:1,4
DA:2,4
DA:4,4
DA:6,4
DA:8,4
DA:10,4
DA:12,4
DA:16,11
DA:26,4
DA:28,4
LF:10
LH:10
BRDA:15,0,0,10
BRF:1
BRH:1
end_of_record
TN:
SF:src\components\ui\use-toast.ts
FN:3,(anonymous_0)
FN:3,(anonymous_1)
FNF:2
FNH:2
FNDA:64,(anonymous_0)
FNDA:4,(anonymous_1)
DA:1,3
DA:3,67
LF:2
LH:2
BRF:0
BRH:0
end_of_record
TN:
SF:src\contexts\MoviesContext.tsx
FN:30,moviesReducer
FN:33,(anonymous_10)
FN:45,(anonymous_11)
FN:51,(anonymous_12)
FN:70,MoviesProvider
FN:74,(anonymous_14)
FN:87,(anonymous_15)
FN:91,(anonymous_16)
FN:95,(anonymous_17)
FN:99,(anonymous_18)
FN:100,(anonymous_19)
FN:103,(anonymous_20)
FN:123,useMovies
FNF:13
FNH:13
FNDA:52,moviesReducer
FNDA:4,(anonymous_10)
FNDA:5,(anonymous_11)
FNDA:25,(anonymous_12)
FNDA:196,MoviesProvider
FNDA:152,(anonymous_14)
FNDA:174,(anonymous_15)
FNDA:17,(anonymous_16)
FNDA:6,(anonymous_17)
FNDA:142,(anonymous_18)
FNDA:30,(anonymous_19)
FNDA:29,(anonymous_20)
FNDA:217,useMovies
DA:1,14
DA:23,14
DA:25,14
DA:31,52
DA:33,17
DA:34,2
DA:36,15
DA:42,6
DA:45,5
DA:50,28
DA:51,25
DA:53,28
DA:60,1
DA:66,0
DA:70,14
DA:71,196
DA:74,196
DA:75,152
DA:76,152
DA:77,2
DA:78,2
DA:79,1
DA:81,1
DA:87,196
DA:88,174
DA:91,196
DA:92,17
DA:95,196
DA:96,6
DA:99,196
DA:100,142
DA:103,196
DA:104,29
DA:105,28
DA:109,196
DA:123,14
DA:124,217
DA:125,216
DA:126,8
DA:128,208
LF:40
LH:39
BRDA:31,0,0,17
BRDA:31,0,1,6
BRDA:31,0,2,28
BRDA:31,0,3,1
BRDA:31,0,4,0
BRDA:33,1,0,2
BRDA:33,1,1,15
BRDA:76,2,0,2
BRDA:76,2,1,150
BRDA:104,3,0,28
BRDA:104,3,1,1
BRDA:125,4,0,8
BRDA:125,4,1,208
BRF:13
BRH:12
end_of_record
TN:
SF:src\hooks\use-debounce.tsx
FN:3,useDebounce
FN:10,(anonymous_1)
FN:15,(anonymous_2)
FNF:3
FNH:3
FNDA:54,useDebounce
FNDA:2,(anonymous_1)
FNDA:2,(anonymous_2)
DA:1,3
DA:3,3
DA:7,54
DA:9,54
DA:11,2
DA:12,0
DA:15,2
DA:16,2
DA:22,54
LF:9
LH:8
BRDA:11,0,0,0
BRDA:11,0,1,2
BRF:2
BRH:1
end_of_record
TN:
SF:src\hooks\use-mobile.tsx
FN:5,useIsMobile
FN:8,(anonymous_10)
FN:10,(anonymous_11)
FN:15,(anonymous_12)
FNF:4
FNH:3
FNDA:68,useIsMobile
FNDA:34,(anonymous_10)
FNDA:0,(anonymous_11)
FNDA:34,(anonymous_12)
DA:1,3
DA:3,3
DA:5,3
DA:6,68
DA:8,68
DA:9,34
DA:10,34
DA:11,0
DA:13,34
DA:14,34
DA:15,34
DA:18,68
LF:12
LH:11
BRF:0
BRH:0
end_of_record
TN:
SF:src\hooks\use-toast.ts
FN:27,genId
FN:58,(anonymous_10)
FN:63,(anonymous_11)
FN:74,(anonymous_12)
FN:85,(anonymous_13)
FN:98,(anonymous_14)
FN:105,(anonymous_15)
FN:124,(anonymous_16)
FN:133,dispatch
FN:135,(anonymous_18)
FN:142,toast
FN:145,(anonymous_20)
FN:150,(anonymous_21)
FN:158,(anonymous_22)
FN:171,useToast
FN:174,(anonymous_24)
FN:176,(anonymous_25)
FN:187,(anonymous_26)
FNF:18
FNH:17
FNDA:20,genId
FNDA:13,(anonymous_10)
FNDA:1,(anonymous_11)
FNDA:36,(anonymous_12)
FNDA:1,(anonymous_13)
FNDA:10,(anonymous_14)
FNDA:13,(anonymous_15)
FNDA:1,(anonymous_16)
FNDA:36,dispatch
FNDA:43,(anonymous_18)
FNDA:20,toast
FNDA:1,(anonymous_20)
FNDA:2,(anonymous_21)
FNDA:0,(anonymous_22)
FNDA:67,useToast
FNDA:67,(anonymous_24)
FNDA:67,(anonymous_25)
FNDA:12,(anonymous_26)
DA:1,5
DA:8,5
DA:9,5
DA:18,5
DA:25,5
DA:28,20
DA:29,20
DA:56,5
DA:58,5
DA:59,13
DA:60,2
DA:63,11
DA:64,1
DA:65,1
DA:71,11
DA:74,5
DA:75,36
DA:77,20
DA:83,1
DA:86,1
DA:91,14
DA:95,14
DA:96,3
DA:98,11
DA:99,10
DA:103,14
DA:106,13
DA:116,1
DA:117,0
DA:122,1
DA:124,1
DA:129,5
DA:131,5
DA:134,36
DA:135,36
DA:136,43
DA:143,20
DA:145,20
DA:146,1
DA:150,20
DA:152,20
DA:159,0
DA:164,20
DA:172,67
DA:174,67
DA:175,67
DA:176,67
DA:177,67
DA:178,67
DA:179,67
DA:184,67
DA:187,12
DA:191,5
LF:53
LH:51
BRDA:59,0,0,2
BRDA:59,0,1,11
BRDA:75,1,0,20
BRDA:75,1,1,1
BRDA:75,1,2,14
BRDA:75,1,3,1
BRDA:86,2,0,1
BRDA:86,2,1,0
BRDA:95,3,0,3
BRDA:95,3,1,11
BRDA:106,4,0,13
BRDA:106,4,1,0
BRDA:106,5,0,13
BRDA:106,5,1,10
BRDA:116,6,0,0
BRDA:116,6,1,1
BRDA:159,7,0,0
BRDA:159,7,1,0
BRDA:178,8,0,67
BRDA:178,8,1,0
BRF:20
BRH:14
end_of_record
TN:
SF:src\lib\utils.ts
FN:4,cn
FNF:1
FNH:1
FNDA:2141,cn
DA:1,66
DA:2,66
DA:4,66
DA:5,2141
LF:4
LH:4
BRF:0
BRH:0
end_of_record
TN:
SF:src\pages\Favorites.tsx
FN:12,Favorites
FN:17,(anonymous_11)
FN:22,(anonymous_12)
FN:24,(anonymous_13)
FN:26,(anonymous_14)
FN:28,(anonymous_15)
FN:30,(anonymous_16)
FN:34,(anonymous_17)
FN:42,(anonymous_18)
FN:88,(anonymous_19)
FN:106,(anonymous_20)
FN:125,(anonymous_21)
FNF:12
FNH:6
FNDA:26,Favorites
FNDA:24,(anonymous_11)
FNDA:16,(anonymous_12)
FNDA:0,(anonymous_13)
FNDA:0,(anonymous_14)
FNDA:0,(anonymous_15)
FNDA:0,(anonymous_16)
FNDA:0,(anonymous_17)
FNDA:6,(anonymous_18)
FNDA:2,(anonymous_19)
FNDA:0,(anonymous_20)
FNDA:31,(anonymous_21)
DA:1,3
DA:2,3
DA:3,3
DA:5,3
DA:6,3
DA:7,3
DA:8,3
DA:12,3
DA:13,26
DA:14,26
DA:15,26
DA:17,26
DA:18,24
DA:20,24
DA:22,24
DA:24,0
DA:26,0
DA:28,0
DA:30,0
DA:31,0
DA:34,0
DA:35,0
DA:38,0
DA:42,26
DA:43,6
DA:51,6
DA:54,26
DA:55,15
DA:70,11
DA:88,2
DA:106,0
DA:126,31
LF:32
LH:23
BRDA:20,0,0,24
BRDA:20,0,1,0
BRDA:20,0,2,0
BRDA:20,0,3,0
BRDA:20,0,4,0
BRDA:20,0,5,0
BRDA:20,0,6,0
BRDA:54,1,0,15
BRDA:54,1,1,11
BRDA:80,2,0,1
BRDA:80,2,1,10
BRDA:98,3,0,11
BRDA:98,3,1,1
BRF:13
BRH:7
end_of_record
TN:
SF:src\pages\Home.tsx
FN:10,Home
FN:18,(anonymous_11)
FN:37,(anonymous_12)
FN:47,(anonymous_13)
FN:55,(anonymous_14)
FN:59,(anonymous_15)
FN:67,(anonymous_16)
FN:137,(anonymous_17)
FNF:8
FNH:7
FNDA:54,Home
FNDA:29,(anonymous_11)
FNDA:1,(anonymous_12)
FNDA:0,(anonymous_13)
FNDA:26,(anonymous_14)
FNDA:2,(anonymous_15)
FNDA:1,(anonymous_16)
FNDA:31,(anonymous_17)
DA:1,3
DA:3,3
DA:4,3
DA:5,3
DA:6,3
DA:7,3
DA:8,3
DA:10,3
DA:11,54
DA:12,54
DA:13,54
DA:14,54
DA:15,54
DA:16,54
DA:18,54
DA:19,29
DA:20,29
DA:21,27
DA:22,27
DA:24,2
DA:26,29
DA:28,29
DA:30,21
DA:31,1
DA:34,20
DA:35,19
DA:37,1
DA:40,20
DA:41,20
DA:43,6
DA:44,6
DA:46,6
DA:47,0
DA:50,26
DA:51,26
DA:55,54
DA:56,26
DA:59,54
DA:60,2
DA:61,2
DA:65,54
DA:67,54
DA:68,1
DA:71,54
DA:72,27
DA:85,27
DA:138,31
LF:47
LH:46
BRDA:18,0,0,26
BRDA:18,1,0,26
BRDA:20,2,0,27
BRDA:20,2,1,2
BRDA:30,3,0,1
BRDA:30,3,1,20
BRDA:30,4,0,21
BRDA:30,4,1,20
BRDA:34,5,0,19
BRDA:34,5,1,1
BRDA:34,6,0,20
BRDA:34,6,1,19
BRDA:41,7,0,20
BRDA:41,7,1,1
BRDA:46,8,0,0
BRDA:46,8,1,6
BRDA:60,9,0,2
BRDA:60,9,1,0
BRDA:60,10,0,2
BRDA:60,10,1,2
BRDA:60,10,2,2
BRDA:71,11,0,27
BRDA:71,11,1,27
BRDA:71,12,0,54
BRDA:71,12,1,27
BRDA:117,13,0,27
BRDA:117,13,1,5
BRDA:127,14,0,27
BRDA:127,14,1,22
BRDA:150,15,0,22
BRDA:150,15,1,9
BRDA:154,16,0,9
BRDA:154,16,1,8
BRDA:157,17,0,1
BRDA:157,17,1,8
BRDA:185,18,0,22
BRDA:185,18,1,13
BRDA:185,18,2,11
BRF:38
BRH:36
end_of_record
TN:
SF:src\pages\MovieDetails.tsx
FN:12,MovieDetails
FN:22,(anonymous_11)
FN:25,(anonymous_12)
FN:42,(anonymous_13)
FN:52,(anonymous_14)
FN:83,(anonymous_15)
FN:89,(anonymous_16)
FN:175,(anonymous_17)
FN:231,(anonymous_18)
FNF:9
FNH:8
FNDA:52,MovieDetails
FNDA:27,(anonymous_11)
FNDA:25,(anonymous_12)
FNDA:3,(anonymous_13)
FNDA:0,(anonymous_14)
FNDA:22,(anonymous_15)
FNDA:22,(anonymous_16)
FNDA:44,(anonymous_17)
FNDA:22,(anonymous_18)
DA:1,2
DA:2,2
DA:3,2
DA:5,2
DA:6,2
DA:7,2
DA:8,2
DA:9,2
DA:10,2
DA:12,2
DA:13,52
DA:14,52
DA:15,52
DA:16,52
DA:17,52
DA:19,52
DA:20,52
DA:22,52
DA:23,27
DA:25,25
DA:26,25
DA:27,25
DA:28,25
DA:29,25
DA:30,20
DA:32,2
DA:33,2
DA:35,22
DA:39,25
DA:42,52
DA:43,3
DA:45,3
DA:46,1
DA:48,2
DA:52,52
DA:53,0
DA:54,0
DA:58,52
DA:59,2
DA:62,50
DA:63,25
DA:70,25
DA:71,3
DA:83,22
DA:84,22
DA:85,22
DA:86,22
DA:89,22
DA:90,22
DA:97,22
DA:176,44
DA:231,22
LF:52
LH:50
BRDA:19,0,0,52
BRDA:19,0,1,0
BRDA:23,1,0,2
BRDA:23,1,1,25
BRDA:23,2,0,27
BRDA:23,2,1,27
BRDA:43,3,0,0
BRDA:43,3,1,3
BRDA:45,4,0,1
BRDA:45,4,1,2
BRDA:53,5,0,0
BRDA:53,5,1,0
BRDA:58,6,0,2
BRDA:58,6,1,50
BRDA:58,7,0,52
BRDA:58,7,1,52
BRDA:62,8,0,25
BRDA:62,8,1,25
BRDA:70,9,0,3
BRDA:70,9,1,22
BRDA:70,10,0,25
BRDA:70,10,1,23
BRDA:75,11,0,3
BRDA:75,11,1,1
BRDA:76,12,0,2
BRDA:76,12,1,1
BRDA:126,13,0,22
BRDA:126,13,1,22
BRDA:135,14,0,2
BRDA:135,14,1,20
BRDA:137,15,0,2
BRDA:137,15,1,20
BRDA:142,16,0,2
BRDA:142,16,1,20
BRDA:144,17,0,2
BRDA:144,17,1,20
BRDA:154,18,0,22
BRDA:154,18,1,22
BRDA:164,19,0,22
BRDA:164,19,1,0
BRDA:164,20,0,22
BRDA:164,20,1,22
BRDA:173,21,0,22
BRDA:173,21,1,22
BRDA:173,21,2,22
BRDA:191,22,0,22
BRDA:191,22,1,1
BRDA:201,23,0,22
BRDA:201,23,1,22
BRDA:212,24,0,22
BRDA:212,24,1,22
BRDA:223,25,0,22
BRDA:223,25,1,22
BRDA:223,25,2,22
BRF:54
BRH:49
end_of_record
TN:
SF:src\pages\NotFound.tsx
FN:4,(anonymous_0)
FN:7,(anonymous_1)
FNF:2
FNH:2
FNDA:10,(anonymous_0)
FNDA:10,(anonymous_1)
DA:1,2
DA:2,2
DA:4,2
DA:5,10
DA:7,10
DA:8,10
DA:14,10
DA:27,2
LF:8
LH:8
BRF:0
BRH:0
end_of_record
TN:
SF:src\pages\Search.tsx
FN:13,Search
FN:19,(anonymous_11)
FN:32,(anonymous_12)
FN:56,(anonymous_13)
FN:67,(anonymous_14)
FN:77,(anonymous_15)
FN:86,(anonymous_16)
FN:94,(anonymous_17)
FN:174,(anonymous_18)
FNF:9
FNH:4
FNDA:15,Search
FNDA:15,(anonymous_11)
FNDA:7,(anonymous_12)
FNDA:0,(anonymous_13)
FNDA:0,(anonymous_14)
FNDA:8,(anonymous_15)
FNDA:0,(anonymous_16)
FNDA:0,(anonymous_17)
FNDA:0,(anonymous_18)
DA:1,1
DA:2,1
DA:4,1
DA:5,1
DA:6,1
DA:7,1
DA:8,1
DA:9,1
DA:10,1
DA:11,1
DA:13,1
DA:14,15
DA:15,15
DA:16,15
DA:17,15
DA:19,15
DA:20,15
DA:23,15
DA:24,15
DA:25,15
DA:26,15
DA:27,15
DA:28,15
DA:29,15
DA:31,15
DA:33,7
DA:35,7
DA:36,7
DA:37,7
DA:38,7
DA:40,0
DA:42,7
DA:44,7
DA:49,0
DA:50,0
DA:53,0
DA:54,0
DA:56,0
DA:59,0
DA:60,0
DA:61,0
DA:63,7
DA:64,7
DA:66,7
DA:67,0
DA:70,7
DA:71,7
DA:77,15
DA:78,8
DA:79,7
DA:80,7
DA:81,7
DA:82,7
DA:86,15
DA:87,0
DA:88,0
DA:92,15
DA:94,15
DA:95,0
DA:96,0
DA:100,15
DA:101,1
DA:116,14
DA:117,0
DA:130,14
DA:175,0
LF:66
LH:50
BRDA:15,0,0,15
BRDA:15,0,1,1
BRDA:32,1,0,0
BRDA:32,2,0,0
BRDA:33,3,0,0
BRDA:33,3,1,7
BRDA:36,4,0,7
BRDA:36,4,1,0
BRDA:49,5,0,0
BRDA:49,5,1,0
BRDA:49,6,0,0
BRDA:49,6,1,0
BRDA:53,7,0,0
BRDA:53,7,1,0
BRDA:53,8,0,0
BRDA:53,8,1,0
BRDA:60,9,0,0
BRDA:60,9,1,0
BRDA:61,10,0,0
BRDA:61,10,1,0
BRDA:66,11,0,0
BRDA:66,11,1,7
BRDA:78,12,0,7
BRDA:78,12,1,1
BRDA:87,13,0,0
BRDA:87,13,1,0
BRDA:87,14,0,0
BRDA:87,14,1,0
BRDA:87,14,2,0
BRDA:87,14,3,0
BRDA:95,15,0,0
BRDA:95,15,1,0
BRDA:100,16,0,1
BRDA:100,16,1,14
BRDA:116,17,0,0
BRDA:116,17,1,14
BRDA:116,18,0,14
BRDA:116,18,1,0
BRDA:138,19,0,0
BRDA:138,19,1,14
BRDA:141,20,0,0
BRDA:141,20,1,0
BRDA:142,21,0,0
BRDA:142,21,1,0
BRDA:145,22,0,0
BRDA:145,22,1,14
BRDA:153,23,0,14
BRDA:153,23,1,7
BRDA:161,24,0,14
BRDA:161,24,1,14
BRDA:161,24,2,7
BRDA:161,24,3,7
BRDA:161,24,4,7
BRDA:171,25,0,14
BRDA:171,25,1,7
BRDA:171,25,2,0
BRDA:179,26,0,0
BRDA:179,26,1,0
BRDA:183,27,0,0
BRDA:183,27,1,0
BRDA:186,28,0,0
BRDA:186,28,1,0
BRF:62
BRH:22
end_of_record
TN:
SF:src\services\tmdb-test.ts
FN:9,(anonymous_0)
FN:19,(anonymous_1)
FN:29,(anonymous_2)
FN:57,(anonymous_3)
FN:62,(anonymous_4)
FN:71,(anonymous_5)
FN:72,(anonymous_6)
FN:73,(anonymous_7)
FN:74,(anonymous_8)
FN:75,(anonymous_9)
FN:78,(anonymous_10)
FN:82,(anonymous_11)
FNF:12
FNH:0
FNDA:0,(anonymous_0)
FNDA:0,(anonymous_1)
FNDA:0,(anonymous_2)
FNDA:0,(anonymous_3)
FNDA:0,(anonymous_4)
FNDA:0,(anonymous_5)
FNDA:0,(anonymous_6)
FNDA:0,(anonymous_7)
FNDA:0,(anonymous_8)
FNDA:0,(anonymous_9)
FNDA:0,(anonymous_10)
FNDA:0,(anonymous_11)
DA:5,0
DA:6,0
DA:7,0
DA:11,0
DA:21,0
DA:31,0
DA:58,0
DA:59,0
DA:63,0
DA:64,0
DA:68,0
DA:71,0
DA:72,0
DA:73,0
DA:74,0
DA:75,0
DA:78,0
DA:82,0
LF:18
LH:0
BRDA:9,0,0,0
BRDA:19,1,0,0
BRDA:58,2,0,0
BRDA:58,2,1,0
BRDA:63,3,0,0
BRDA:63,3,1,0
BRF:6
BRH:0
end_of_record
TN:
SF:src\services\tmdb.ts
FN:48,(anonymous_0)
FN:61,(anonymous_1)
FN:121,(anonymous_2)
FN:125,(anonymous_3)
FN:132,(anonymous_4)
FN:136,(anonymous_5)
FN:141,(anonymous_6)
FN:145,(anonymous_7)
FN:153,(anonymous_8)
FN:154,(anonymous_9)
FN:155,(anonymous_10)
FN:156,(anonymous_11)
FN:157,(anonymous_12)
FN:160,(anonymous_13)
FN:167,(anonymous_14)
FNF:15
FNH:0
FNDA:0,(anonymous_0)
FNDA:0,(anonymous_1)
FNDA:0,(anonymous_2)
FNDA:0,(anonymous_3)
FNDA:0,(anonymous_4)
FNDA:0,(anonymous_5)
FNDA:0,(anonymous_6)
FNDA:0,(anonymous_7)
FNDA:0,(anonymous_8)
FNDA:0,(anonymous_9)
FNDA:0,(anonymous_10)
FNDA:0,(anonymous_11)
FNDA:0,(anonymous_12)
FNDA:0,(anonymous_13)
FNDA:0,(anonymous_14)
DA:7,0
DA:8,0
DA:9,0
DA:10,0
DA:12,0
DA:13,0
DA:15,0
DA:18,0
DA:19,0
DA:36,0
DA:37,0
DA:38,0
DA:41,0
DA:42,0
DA:43,0
DA:44,0
DA:49,0
DA:51,0
DA:52,0
DA:53,0
DA:56,0
DA:58,0
DA:60,0
DA:61,0
DA:63,0
DA:64,0
DA:72,0
DA:74,0
DA:75,0
DA:77,0
DA:78,0
DA:91,0
DA:92,0
DA:95,0
DA:98,0
DA:100,0
DA:101,0
DA:104,0
DA:105,0
DA:107,0
DA:109,0
DA:111,0
DA:112,0
DA:113,0
DA:116,0
DA:117,0
DA:122,0
DA:126,0
DA:127,0
DA:133,0
DA:137,0
DA:138,0
DA:142,0
DA:146,0
DA:150,0
DA:153,0
DA:154,0
DA:155,0
DA:156,0
DA:157,0
DA:160,0
DA:161,0
DA:163,0
DA:167,0
DA:168,0
DA:170,0
LF:66
LH:0
BRDA:7,0,0,0
BRDA:7,0,1,0
BRDA:7,1,0,0
BRDA:7,1,1,0
BRDA:12,2,0,0
BRDA:12,2,1,0
BRDA:14,3,0,0
BRDA:14,3,1,0
BRDA:16,4,0,0
BRDA:16,4,1,0
BRDA:18,5,0,0
BRDA:18,5,1,0
BRDA:42,6,0,0
BRDA:42,6,1,0
BRDA:49,7,0,0
BRDA:49,7,1,0
BRDA:56,8,0,0
BRDA:56,8,1,0
BRDA:74,9,0,0
BRDA:74,9,1,0
BRDA:77,10,0,0
BRDA:77,10,1,0
BRDA:89,11,0,0
BRDA:89,11,1,0
BRDA:100,12,0,0
BRDA:100,12,1,0
BRDA:109,13,0,0
BRDA:109,13,1,0
BRDA:109,14,0,0
BRDA:109,14,1,0
BRDA:121,15,0,0
BRDA:125,16,0,0
BRDA:136,17,0,0
BRDA:137,18,0,0
BRDA:137,18,1,0
BRDA:161,19,0,0
BRDA:161,19,1,0
BRDA:168,20,0,0
BRDA:168,20,1,0
BRF:39
BRH:0
end_of_record
